# JRE version: Java(TM) SE Runtime Environment (19.0.1+10) (build 19.0.1+10-21)
# Java VM: Java HotSpot(TM) 64-Bit Server VM (19.0.1+10-21, mixed mode, sharing, tiered, compressed oops, compressed class ptrs, g1 gc, windows-amd64)
GC Precious Log:
 CardTable entry size: 512
 Card Set container configuration: InlinePtr #cards 5 size 8 Array Of Cards #cards 12 size 40 Howl #buckets 4 coarsen threshold 1843 Howl Bitmap #cards 512 size 80 coarsen threshold 460 Card regions per heap region 1 cards per card region 2048
 CPUs: 4 total, 4 available
 Memory: 7959M
 Large Page Support: Disabled
 NUMA Support: Disabled
 Compressed Oops: Enabled (32-bit)
 Heap Region Size: 1M
 Heap Min Capacity: 8M
 Heap Initial Capacity: 126M
 Heap Max Capacity: 1990M
 Pre-touch: Disabled
 Parallel Workers: 4
 Concurrent Workers: 1
 Concurrent Refinement Workers: 4
 Periodic GC: Disabled
Heap:
 garbage-first heap   total 229376K, used 129036K [0x0000000083a00000, 0x0000000100000000)
  region size 1024K, 3 young (3072K), 1 survivors (1024K)
 Metaspace       used 32918K, committed 33408K, reserved 1114112K
  class space    used 3892K, committed 4160K, reserved 1048576K
GC Heap History (20 events):
Event: 199.551 GC heap before
{Heap before GC invocations=99 (full 0):
 garbage-first heap   total 434176K, used 124753K [0x0000000083a00000, 0x0000000100000000)
  region size 1024K, 3 young (3072K), 2 survivors (2048K)
 Metaspace       used 32294K, committed 32768K, reserved 1114112K
  class space    used 3843K, committed 4096K, reserved 1048576K
}
Event: 199.552 GC heap after
{Heap after GC invocations=100 (full 0):
 garbage-first heap   total 434176K, used 64593K [0x0000000083a00000, 0x0000000100000000)
  region size 1024K, 1 young (1024K), 1 survivors (1024K)
 Metaspace       used 32294K, committed 32768K, reserved 1114112K
  class space    used 3843K, committed 4096K, reserved 1048576K
}
Event: 199.553 GC heap before
{Heap before GC invocations=100 (full 0):
 garbage-first heap   total 434176K, used 66641K [0x0000000083a00000, 0x0000000100000000)
  region size 1024K, 2 young (2048K), 1 survivors (1024K)
 Metaspace       used 32294K, committed 32768K, reserved 1114112K
  class space    used 3843K, committed 4096K, reserved 1048576K
}
Event: 199.554 GC heap after
{Heap after GC invocations=101 (full 0):
 garbage-first heap   total 434176K, used 64483K [0x0000000083a00000, 0x0000000100000000)
  region size 1024K, 1 young (1024K), 1 survivors (1024K)
 Metaspace       used 32294K, committed 32768K, reserved 1114112K
  class space    used 3843K, committed 4096K, reserved 1048576K
}
Event: 204.498 GC heap before
{Heap before GC invocations=102 (full 0):
 garbage-first heap   total 279552K, used 278499K [0x0000000083a00000, 0x0000000100000000)
  region size 1024K, 14 young (14336K), 1 survivors (1024K)
 Metaspace       used 32322K, committed 32896K, reserved 1114112K
  class space    used 3843K, committed 4096K, reserved 1048576K
}
Event: 204.500 GC heap after
{Heap after GC invocations=103 (full 0):
 garbage-first heap   total 281600K, used 164366K [0x0000000083a00000, 0x0000000100000000)
  region size 1024K, 2 young (2048K), 2 survivors (2048K)
 Metaspace       used 32322K, committed 32896K, reserved 1114112K
  class space    used 3843K, committed 4096K, reserved 1048576K
}
Event: 207.961 GC heap before
{Heap before GC invocations=103 (full 0):
 garbage-first heap   total 312320K, used 311822K [0x0000000083a00000, 0x0000000100000000)
  region size 1024K, 10 young (10240K), 2 survivors (2048K)
 Metaspace       used 32334K, committed 32896K, reserved 1114112K
  class space    used 3843K, committed 4096K, reserved 1048576K
}
Event: 207.965 GC heap after
{Heap after GC invocations=104 (full 0):
 garbage-first heap   total 315392K, used 133058K [0x0000000083a00000, 0x0000000100000000)
  region size 1024K, 2 young (2048K), 2 survivors (2048K)
 Metaspace       used 32334K, committed 32896K, reserved 1114112K
  class space    used 3843K, committed 4096K, reserved 1048576K
}
Event: 209.385 GC heap before
{Heap before GC invocations=104 (full 0):
 garbage-first heap   total 315392K, used 193474K [0x0000000083a00000, 0x0000000100000000)
  region size 1024K, 6 young (6144K), 2 survivors (2048K)
 Metaspace       used 32339K, committed 32896K, reserved 1114112K
  class space    used 3843K, committed 4096K, reserved 1048576K
}
Event: 209.387 GC heap after
{Heap after GC invocations=105 (full 0):
 garbage-first heap   total 315392K, used 91657K [0x0000000083a00000, 0x0000000100000000)
  region size 1024K, 1 young (1024K), 1 survivors (1024K)
 Metaspace       used 32339K, committed 32896K, reserved 1114112K
  class space    used 3843K, committed 4096K, reserved 1048576K
}
Event: 209.388 GC heap before
{Heap before GC invocations=105 (full 0):
 garbage-first heap   total 315392K, used 93705K [0x0000000083a00000, 0x0000000100000000)
  region size 1024K, 2 young (2048K), 1 survivors (1024K)
 Metaspace       used 32339K, committed 32896K, reserved 1114112K
  class space    used 3843K, committed 4096K, reserved 1048576K
}
Event: 209.389 GC heap after
{Heap after GC invocations=106 (full 0):
 garbage-first heap   total 315392K, used 64519K [0x0000000083a00000, 0x0000000100000000)
  region size 1024K, 1 young (1024K), 1 survivors (1024K)
 Metaspace       used 32339K, committed 32896K, reserved 1114112K
  class space    used 3843K, committed 4096K, reserved 1048576K
}
Event: 214.801 GC heap before
{Heap before GC invocations=107 (full 0):
 garbage-first heap   total 297984K, used 296967K [0x0000000083a00000, 0x0000000100000000)
  region size 1024K, 16 young (16384K), 1 survivors (1024K)
 Metaspace       used 32909K, committed 33408K, reserved 1114112K
  class space    used 3892K, committed 4160K, reserved 1048576K
}
Event: 214.804 GC heap after
{Heap after GC invocations=108 (full 0):
 garbage-first heap   total 300032K, used 172746K [0x0000000083a00000, 0x0000000100000000)
  region size 1024K, 2 young (2048K), 2 survivors (2048K)
 Metaspace       used 32909K, committed 33408K, reserved 1114112K
  class space    used 3892K, committed 4160K, reserved 1048576K
}
Event: 217.696 GC heap before
{Heap before GC invocations=108 (full 0):
 garbage-first heap   total 310272K, used 307914K [0x0000000083a00000, 0x0000000100000000)
  region size 1024K, 14 young (14336K), 2 survivors (2048K)
 Metaspace       used 32918K, committed 33408K, reserved 1114112K
  class space    used 3892K, committed 4160K, reserved 1048576K
}
Event: 217.699 GC heap after
{Heap after GC invocations=109 (full 0):
 garbage-first heap   total 311296K, used 124997K [0x0000000083a00000, 0x0000000100000000)
  region size 1024K, 2 young (2048K), 2 survivors (2048K)
 Metaspace       used 32918K, committed 33408K, reserved 1114112K
  class space    used 3892K, committed 4160K, reserved 1048576K
}
Event: 219.190 GC heap before
{Heap before GC invocations=109 (full 0):
 garbage-first heap   total 311296K, used 185413K [0x0000000083a00000, 0x0000000100000000)
  region size 1024K, 4 young (4096K), 2 survivors (2048K)
 Metaspace       used 32918K, committed 33408K, reserved 1114112K
  class space    used 3892K, committed 4160K, reserved 1048576K
}
Event: 219.191 GC heap after
{Heap after GC invocations=110 (full 0):
 garbage-first heap   total 311296K, used 93382K [0x0000000083a00000, 0x0000000100000000)
  region size 1024K, 1 young (1024K), 1 survivors (1024K)
 Metaspace       used 32918K, committed 33408K, reserved 1114112K
  class space    used 3892K, committed 4160K, reserved 1048576K
}
Event: 219.294 GC heap before
{Heap before GC invocations=110 (full 0):
 garbage-first heap   total 311296K, used 95430K [0x0000000083a00000, 0x0000000100000000)
  region size 1024K, 2 young (2048K), 1 survivors (1024K)
 Metaspace       used 32918K, committed 33408K, reserved 1114112K
  class space    used 3892K, committed 4160K, reserved 1048576K
}
Event: 219.295 GC heap after
{Heap after GC invocations=111 (full 0):
 garbage-first heap   total 311296K, used 64524K [0x0000000083a00000, 0x0000000100000000)
  region size 1024K, 1 young (1024K), 1 survivors (1024K)
 Metaspace       used 32918K, committed 33408K, reserved 1114112K
  class space    used 3892K, committed 4160K, reserved 1048576K
}

